<?xml version="1.0" encoding="UTF-8"?>
<!-- Generated by org.testng.reporters.JUnitReportReporter -->
<testsuite hostname="DESKTOP-36IJ477" failures="0" tests="1" name="com.request.Authentications" time="4.866" errors="0" timestamp="2024-01-31T17:30:38 IST" skipped="0">
  <testcase classname="com.request.Authentications" name="oAuth2Authentication" time="4.866"/>
  <system-out/>
</testsuite> <!-- com.request.Authentications -->
