<?xml version="1.0" encoding="UTF-8"?>
<!-- Generated by org.testng.reporters.JUnitReportReporter -->
<testsuite hostname="DESKTOP-36IJ477" failures="0" tests="1" name="com.request.cookiesDemo" time="4.201" errors="0" timestamp="2024-01-21T23:16:51 IST" skipped="0">
  <testcase classname="com.request.cookiesDemo" name="getCookiesInfo" time="4.201"/>
  <system-out/>
</testsuite> <!-- com.request.cookiesDemo -->
