<?xml version="1.0" encoding="UTF-8"?>
<!-- Generated by org.testng.reporters.JUnitReportReporter -->
<testsuite hostname="DESKTOP-36IJ477" failures="0" tests="1" name="chaining.getUser" time="0.672" errors="0" timestamp="2024-02-01T17:42:51 IST" skipped="0">
  <testcase classname="chaining.getUser" name="testgetUser" time="0.672"/>
  <system-out/>
</testsuite> <!-- chaining.getUser -->
