<?xml version="1.0" encoding="UTF-8"?>
<!-- Generated by org.testng.reporters.JUnitReportReporter -->
<testsuite hostname="DESKTOP-36IJ477" failures="0" tests="1" name="chaining.createUser" time="5.129" errors="0" timestamp="2024-02-01T17:42:51 IST" skipped="0">
  <testcase classname="chaining.createUser" name="testUserCreation" time="5.129"/>
  <system-out/>
</testsuite> <!-- chaining.createUser -->
