<?xml version="1.0" encoding="UTF-8"?>
<!-- Generated by org.testng.reporters.JUnitReportReporter -->
<testsuite hostname="DESKTOP-36IJ477" failures="0" tests="1" name="com.request.cookiesANdHeadersDemo" time="3.719" errors="0" timestamp="2024-01-22T18:02:56 IST" skipped="0">
  <testcase classname="com.request.cookiesANdHeadersDemo" name="getHeaderInfo" time="3.719"/>
  <system-out/>
</testsuite> <!-- com.request.cookiesANdHeadersDemo -->
