<?xml version="1.0" encoding="UTF-8"?>
<!-- Generated by org.testng.reporters.JUnitReportReporter -->
<testsuite hostname="DESKTOP-36IJ477" failures="0" tests="1" name="com.request.generateDummyData" time="0.473" errors="0" timestamp="2024-01-31T20:19:23 IST" skipped="0">
  <testcase classname="com.request.generateDummyData" name="testDummyData" time="0.473"/>
  <system-out/>
</testsuite> <!-- com.request.generateDummyData -->
