<?xml version="1.0" encoding="UTF-8"?>
<!-- Generated by org.testng.reporters.JUnitReportReporter -->
<testsuite hostname="DESKTOP-36IJ477" failures="0" tests="1" name="com.request.pathAndqueryParams" time="5.335" errors="0" timestamp="2024-01-21T22:36:01 IST" skipped="0">
  <testcase classname="com.request.pathAndqueryParams" name="testQueryandPathparams" time="5.335"/>
  <system-out/>
</testsuite> <!-- com.request.pathAndqueryParams -->
