<?xml version="1.0" encoding="UTF-8"?>
<!-- Generated by org.testng.reporters.JUnitReportReporter -->
<testsuite hostname="DESKTOP-36IJ477" failures="0" tests="1" name="com.request.loggingDemo" time="4.451" errors="0" timestamp="2024-01-22T18:36:50 IST" skipped="0">
  <testcase classname="com.request.loggingDemo" name="testLogs" time="4.451"/>
  <system-out/>
</testsuite> <!-- com.request.loggingDemo -->
